# JRE version: Java(TM) SE Runtime Environment (8.0_92-b14) (build 1.8.0_92-b14)
# Java VM: Java HotSpot(TM) 64-Bit Server VM (25.92-b14 mixed mode windows-amd64 compressed oops)
Heap:
 PSYoungGen      total 206336K, used 30879K [0x00000000d6000000, 0x00000000e7c80000, 0x0000000100000000)
  eden space 195072K, 10% used [0x00000000d6000000,0x00000000d732f050,0x00000000e1e80000)
  from space 11264K, 99% used [0x00000000e1e80000,0x00000000e2978d40,0x00000000e2980000)
  to   space 17920K, 0% used [0x00000000e6b00000,0x00000000e6b00000,0x00000000e7c80000)
 ParOldGen       total 73728K, used 26577K [0x0000000082000000, 0x0000000086800000, 0x00000000d6000000)
  object space 73728K, 36% used [0x0000000082000000,0x00000000839f45b8,0x0000000086800000)
 Metaspace       used 54332K, capacity 57310K, committed 57344K, reserved 1097728K
  class space    used 7660K, capacity 8169K, committed 8192K, reserved 1048576K
GC Heap History (10 events):
Event: 3.913 GC heap before
{Heap before GC invocations=7 (full 1):
 PSYoungGen      total 70656K, used 65536K [0x00000000d6000000, 0x00000000df100000, 0x0000000100000000)
  eden space 65536K, 100% used [0x00000000d6000000,0x00000000da000000,0x00000000da000000)
  from space 5120K, 0% used [0x00000000da000000,0x00000000da000000,0x00000000da500000)
  to   space 8704K, 0% used [0x00000000de880000,0x00000000de880000,0x00000000df100000)
 ParOldGen       total 49152K, used 5564K [0x0000000082000000, 0x0000000085000000, 0x00000000d6000000)
  object space 49152K, 11% used [0x0000000082000000,0x000000008256f278,0x0000000085000000)
 Metaspace       used 23646K, capacity 24710K, committed 24832K, reserved 1071104K
  class space    used 3257K, capacity 3504K, committed 3584K, reserved 1048576K
Event: 3.923 GC heap after
Heap after GC invocations=7 (full 1):
 PSYoungGen      total 121856K, used 7025K [0x00000000d6000000, 0x00000000def80000, 0x0000000100000000)
  eden space 114688K, 0% used [0x00000000d6000000,0x00000000d6000000,0x00000000dd000000)
  from space 7168K, 98% used [0x00000000de880000,0x00000000def5c5b8,0x00000000def80000)
  to   space 8704K, 0% used [0x00000000dde80000,0x00000000dde80000,0x00000000de700000)
 ParOldGen       total 49152K, used 5572K [0x0000000082000000, 0x0000000085000000, 0x00000000d6000000)
  object space 49152K, 11% used [0x0000000082000000,0x0000000082571278,0x0000000085000000)
 Metaspace       used 23646K, capacity 24710K, committed 24832K, reserved 1071104K
  class space    used 3257K, capacity 3504K, committed 3584K, reserved 1048576K
}
Event: 5.444 GC heap before
{Heap before GC invocations=8 (full 1):
 PSYoungGen      total 121856K, used 121713K [0x00000000d6000000, 0x00000000def80000, 0x0000000100000000)
  eden space 114688K, 100% used [0x00000000d6000000,0x00000000dd000000,0x00000000dd000000)
  from space 7168K, 98% used [0x00000000de880000,0x00000000def5c5b8,0x00000000def80000)
  to   space 8704K, 0% used [0x00000000dde80000,0x00000000dde80000,0x00000000de700000)
 ParOldGen       total 49152K, used 5572K [0x0000000082000000, 0x0000000085000000, 0x00000000d6000000)
  object space 49152K, 11% used [0x0000000082000000,0x0000000082571278,0x0000000085000000)
 Metaspace       used 31833K, capacity 33636K, committed 33920K, reserved 1079296K
  class space    used 4333K, capacity 4693K, committed 4736K, reserved 1048576K
Event: 5.464 GC heap after
Heap after GC invocations=8 (full 1):
 PSYoungGen      total 138240K, used 8692K [0x00000000d6000000, 0x00000000e3400000, 0x0000000100000000)
  eden space 129536K, 0% used [0x00000000d6000000,0x00000000d6000000,0x00000000dde80000)
  from space 8704K, 99% used [0x00000000dde80000,0x00000000de6fd1c8,0x00000000de700000)
  to   space 10752K, 0% used [0x00000000e2980000,0x00000000e2980000,0x00000000e3400000)
 ParOldGen       total 49152K, used 8090K [0x0000000082000000, 0x0000000085000000, 0x00000000d6000000)
  object space 49152K, 16% used [0x0000000082000000,0x00000000827e6a58,0x0000000085000000)
 Metaspace       used 31833K, capacity 33636K, committed 33920K, reserved 1079296K
  class space    used 4333K, capacity 4693K, committed 4736K, reserved 1048576K
}
Event: 5.719 GC heap before
{Heap before GC invocations=9 (full 1):
 PSYoungGen      total 138240K, used 24717K [0x00000000d6000000, 0x00000000e3400000, 0x0000000100000000)
  eden space 129536K, 12% used [0x00000000d6000000,0x00000000d6fa6400,0x00000000dde80000)
  from space 8704K, 99% used [0x00000000dde80000,0x00000000de6fd1c8,0x00000000de700000)
  to   space 10752K, 0% used [0x00000000e2980000,0x00000000e2980000,0x00000000e3400000)
 ParOldGen       total 49152K, used 8090K [0x0000000082000000, 0x0000000085000000, 0x00000000d6000000)
  object space 49152K, 16% used [0x0000000082000000,0x00000000827e6a58,0x0000000085000000)
 Metaspace       used 33586K, capacity 35334K, committed 35496K, reserved 1079296K
  class space    used 4700K, capacity 5046K, committed 5120K, reserved 1048576K
Event: 5.733 GC heap after
Heap after GC invocations=9 (full 1):
 PSYoungGen      total 205824K, used 8569K [0x00000000d6000000, 0x00000000e5000000, 0x0000000100000000)
  eden space 195072K, 0% used [0x00000000d6000000,0x00000000d6000000,0x00000000e1e80000)
  from space 10752K, 79% used [0x00000000e2980000,0x00000000e31de440,0x00000000e3400000)
  to   space 11264K, 0% used [0x00000000e1e80000,0x00000000e1e80000,0x00000000e2980000)
 ParOldGen       total 49152K, used 8098K [0x0000000082000000, 0x0000000085000000, 0x00000000d6000000)
  object space 49152K, 16% used [0x0000000082000000,0x00000000827e8a58,0x0000000085000000)
 Metaspace       used 33586K, capacity 35334K, committed 35496K, reserved 1079296K
  class space    used 4700K, capacity 5046K, committed 5120K, reserved 1048576K
}
Event: 5.733 GC heap before
{Heap before GC invocations=10 (full 2):
 PSYoungGen      total 205824K, used 8569K [0x00000000d6000000, 0x00000000e5000000, 0x0000000100000000)
  eden space 195072K, 0% used [0x00000000d6000000,0x00000000d6000000,0x00000000e1e80000)
  from space 10752K, 79% used [0x00000000e2980000,0x00000000e31de440,0x00000000e3400000)
  to   space 11264K, 0% used [0x00000000e1e80000,0x00000000e1e80000,0x00000000e2980000)
 ParOldGen       total 49152K, used 8098K [0x0000000082000000, 0x0000000085000000, 0x00000000d6000000)
  object space 49152K, 16% used [0x0000000082000000,0x00000000827e8a58,0x0000000085000000)
 Metaspace       used 33586K, capacity 35334K, committed 35496K, reserved 1079296K
  class space    used 4700K, capacity 5046K, committed 5120K, reserved 1048576K
Event: 5.865 GC heap after
Heap after GC invocations=10 (full 2):
 PSYoungGen      total 205824K, used 0K [0x00000000d6000000, 0x00000000e5000000, 0x0000000100000000)
  eden space 195072K, 0% used [0x00000000d6000000,0x00000000d6000000,0x00000000e1e80000)
  from space 10752K, 0% used [0x00000000e2980000,0x00000000e2980000,0x00000000e3400000)
  to   space 11264K, 0% used [0x00000000e1e80000,0x00000000e1e80000,0x00000000e2980000)
 ParOldGen       total 73728K, used 13102K [0x0000000082000000, 0x0000000086800000, 0x00000000d6000000)
  object space 73728K, 17% used [0x0000000082000000,0x0000000082ccb8b0,0x0000000086800000)
 Metaspace       used 33586K, capacity 35334K, committed 35496K, reserved 1079296K
  class space    used 4700K, capacity 5046K, committed 5120K, reserved 1048576K
}
Event: 20.769 GC heap before
{Heap before GC invocations=11 (full 2):
 PSYoungGen      total 205824K, used 195072K [0x00000000d6000000, 0x00000000e5000000, 0x0000000100000000)
  eden space 195072K, 100% used [0x00000000d6000000,0x00000000e1e80000,0x00000000e1e80000)
  from space 10752K, 0% used [0x00000000e2980000,0x00000000e2980000,0x00000000e3400000)
  to   space 11264K, 0% used [0x00000000e1e80000,0x00000000e1e80000,0x00000000e2980000)
 ParOldGen       total 73728K, used 13102K [0x0000000082000000, 0x0000000086800000, 0x00000000d6000000)
  object space 73728K, 17% used [0x0000000082000000,0x0000000082ccb8b0,0x0000000086800000)
 Metaspace       used 53432K, capacity 56358K, committed 56576K, reserved 1097728K
  class space    used 7563K, capacity 8095K, committed 8192K, reserved 1048576K
Event: 20.807 GC heap after
Heap after GC invocations=11 (full 2):
 PSYoungGen      total 206336K, used 11235K [0x00000000d6000000, 0x00000000e7c80000, 0x0000000100000000)
  eden space 195072K, 0% used [0x00000000d6000000,0x00000000d6000000,0x00000000e1e80000)
  from space 11264K, 99% used [0x00000000e1e80000,0x00000000e2978d40,0x00000000e2980000)
  to   space 17920K, 0% used [0x00000000e6b00000,0x00000000e6b00000,0x00000000e7c80000)
 ParOldGen       total 73728K, used 26577K [0x0000000082000000, 0x0000000086800000, 0x00000000d6000000)
  object space 73728K, 36% used [0x0000000082000000,0x00000000839f45b8,0x0000000086800000)
 Metaspace       used 53432K, capacity 56358K, committed 56576K, reserved 1097728K
  class space    used 7563K, capacity 8095K, committed 8192K, reserved 1048576K
}

