# JRE version: Java(TM) SE Runtime Environment (8.0_92-b14) (build 1.8.0_92-b14)
# Java VM: Java HotSpot(TM) 64-Bit Server VM (25.92-b14 mixed mode windows-amd64 compressed oops)
Heap:
 PSYoungGen      total 207360K, used 62900K [0x00000000d6000000, 0x00000000e5300000, 0x0000000100000000)
  eden space 196096K, 32% used [0x00000000d6000000,0x00000000d9d6d158,0x00000000e1f80000)
  from space 11264K, 0% used [0x00000000e2a80000,0x00000000e2a80000,0x00000000e3580000)
  to   space 11264K, 0% used [0x00000000e1f80000,0x00000000e1f80000,0x00000000e2a80000)
 ParOldGen       total 70144K, used 13077K [0x0000000082000000, 0x0000000086480000, 0x00000000d6000000)
  object space 70144K, 18% used [0x0000000082000000,0x0000000082cc5400,0x0000000086480000)
 Metaspace       used 38994K, capacity 40934K, committed 41176K, reserved 1085440K
  class space    used 5457K, capacity 5841K, committed 5888K, reserved 1048576K
GC Heap History (10 events):
Event: 2.196 GC heap before
{Heap before GC invocations=6 (full 1):
 PSYoungGen      total 70656K, used 5096K [0x00000000d6000000, 0x00000000df100000, 0x0000000100000000)
  eden space 65536K, 0% used [0x00000000d6000000,0x00000000d6000000,0x00000000da000000)
  from space 5120K, 99% used [0x00000000da000000,0x00000000da4fa038,0x00000000da500000)
  to   space 8704K, 0% used [0x00000000de880000,0x00000000de880000,0x00000000df100000)
 ParOldGen       total 86016K, used 5804K [0x0000000082000000, 0x0000000087400000, 0x00000000d6000000)
  object space 86016K, 6% used [0x0000000082000000,0x00000000825ab328,0x0000000087400000)
 Metaspace       used 20389K, capacity 21082K, committed 21248K, reserved 1067008K
  class space    used 2733K, capacity 2948K, committed 3072K, reserved 1048576K
Event: 2.233 GC heap after
Heap after GC invocations=6 (full 1):
 PSYoungGen      total 70656K, used 0K [0x00000000d6000000, 0x00000000df100000, 0x0000000100000000)
  eden space 65536K, 0% used [0x00000000d6000000,0x00000000d6000000,0x00000000da000000)
  from space 5120K, 0% used [0x00000000da000000,0x00000000da000000,0x00000000da500000)
  to   space 8704K, 0% used [0x00000000de880000,0x00000000de880000,0x00000000df100000)
 ParOldGen       total 49152K, used 5611K [0x0000000082000000, 0x0000000085000000, 0x00000000d6000000)
  object space 49152K, 11% used [0x0000000082000000,0x000000008257afa8,0x0000000085000000)
 Metaspace       used 20387K, capacity 21076K, committed 21248K, reserved 1067008K
  class space    used 2733K, capacity 2947K, committed 3072K, reserved 1048576K
}
Event: 2.943 GC heap before
{Heap before GC invocations=7 (full 1):
 PSYoungGen      total 70656K, used 65536K [0x00000000d6000000, 0x00000000df100000, 0x0000000100000000)
  eden space 65536K, 100% used [0x00000000d6000000,0x00000000da000000,0x00000000da000000)
  from space 5120K, 0% used [0x00000000da000000,0x00000000da000000,0x00000000da500000)
  to   space 8704K, 0% used [0x00000000de880000,0x00000000de880000,0x00000000df100000)
 ParOldGen       total 49152K, used 5611K [0x0000000082000000, 0x0000000085000000, 0x00000000d6000000)
  object space 49152K, 11% used [0x0000000082000000,0x000000008257afa8,0x0000000085000000)
 Metaspace       used 23623K, capacity 24666K, committed 24832K, reserved 1071104K
  class space    used 3262K, capacity 3498K, committed 3584K, reserved 1048576K
Event: 2.951 GC heap after
Heap after GC invocations=7 (full 1):
 PSYoungGen      total 121856K, used 6976K [0x00000000d6000000, 0x00000000def80000, 0x0000000100000000)
  eden space 114688K, 0% used [0x00000000d6000000,0x00000000d6000000,0x00000000dd000000)
  from space 7168K, 97% used [0x00000000de880000,0x00000000def502d8,0x00000000def80000)
  to   space 8704K, 0% used [0x00000000dde80000,0x00000000dde80000,0x00000000de700000)
 ParOldGen       total 49152K, used 5619K [0x0000000082000000, 0x0000000085000000, 0x00000000d6000000)
  object space 49152K, 11% used [0x0000000082000000,0x000000008257cfa8,0x0000000085000000)
 Metaspace       used 23623K, capacity 24666K, committed 24832K, reserved 1071104K
  class space    used 3262K, capacity 3498K, committed 3584K, reserved 1048576K
}
Event: 4.129 GC heap before
{Heap before GC invocations=8 (full 1):
 PSYoungGen      total 121856K, used 121664K [0x00000000d6000000, 0x00000000def80000, 0x0000000100000000)
  eden space 114688K, 100% used [0x00000000d6000000,0x00000000dd000000,0x00000000dd000000)
  from space 7168K, 97% used [0x00000000de880000,0x00000000def502d8,0x00000000def80000)
  to   space 8704K, 0% used [0x00000000dde80000,0x00000000dde80000,0x00000000de700000)
 ParOldGen       total 49152K, used 5619K [0x0000000082000000, 0x0000000085000000, 0x00000000d6000000)
  object space 49152K, 11% used [0x0000000082000000,0x000000008257cfa8,0x0000000085000000)
 Metaspace       used 32415K, capacity 34108K, committed 34304K, reserved 1079296K
  class space    used 4487K, capacity 4819K, committed 4864K, reserved 1048576K
Event: 4.144 GC heap after
Heap after GC invocations=8 (full 1):
 PSYoungGen      total 138240K, used 8690K [0x00000000d6000000, 0x00000000e3580000, 0x0000000100000000)
  eden space 129536K, 0% used [0x00000000d6000000,0x00000000d6000000,0x00000000dde80000)
  from space 8704K, 99% used [0x00000000dde80000,0x00000000de6fc8d0,0x00000000de700000)
  to   space 11264K, 0% used [0x00000000e2a80000,0x00000000e2a80000,0x00000000e3580000)
 ParOldGen       total 49152K, used 9188K [0x0000000082000000, 0x0000000085000000, 0x00000000d6000000)
  object space 49152K, 18% used [0x0000000082000000,0x00000000828f90d0,0x0000000085000000)
 Metaspace       used 32415K, capacity 34108K, committed 34304K, reserved 1079296K
  class space    used 4487K, capacity 4819K, committed 4864K, reserved 1048576K
}
Event: 4.258 GC heap before
{Heap before GC invocations=9 (full 1):
 PSYoungGen      total 138240K, used 17971K [0x00000000d6000000, 0x00000000e3580000, 0x0000000100000000)
  eden space 129536K, 7% used [0x00000000d6000000,0x00000000d69106e0,0x00000000dde80000)
  from space 8704K, 99% used [0x00000000dde80000,0x00000000de6fc8d0,0x00000000de700000)
  to   space 11264K, 0% used [0x00000000e2a80000,0x00000000e2a80000,0x00000000e3580000)
 ParOldGen       total 49152K, used 9188K [0x0000000082000000, 0x0000000085000000, 0x00000000d6000000)
  object space 49152K, 18% used [0x0000000082000000,0x00000000828f90d0,0x0000000085000000)
 Metaspace       used 33495K, capacity 35232K, committed 35416K, reserved 1079296K
  class space    used 4685K, capacity 4991K, committed 4992K, reserved 1048576K
Event: 4.267 GC heap after
Heap after GC invocations=9 (full 1):
 PSYoungGen      total 207360K, used 7735K [0x00000000d6000000, 0x00000000e5300000, 0x0000000100000000)
  eden space 196096K, 0% used [0x00000000d6000000,0x00000000d6000000,0x00000000e1f80000)
  from space 11264K, 68% used [0x00000000e2a80000,0x00000000e320de50,0x00000000e3580000)
  to   space 11264K, 0% used [0x00000000e1f80000,0x00000000e1f80000,0x00000000e2a80000)
 ParOldGen       total 49152K, used 9196K [0x0000000082000000, 0x0000000085000000, 0x00000000d6000000)
  object space 49152K, 18% used [0x0000000082000000,0x00000000828fb0d0,0x0000000085000000)
 Metaspace       used 33495K, capacity 35232K, committed 35416K, reserved 1079296K
  class space    used 4685K, capacity 4991K, committed 4992K, reserved 1048576K
}
Event: 4.268 GC heap before
{Heap before GC invocations=10 (full 2):
 PSYoungGen      total 207360K, used 7735K [0x00000000d6000000, 0x00000000e5300000, 0x0000000100000000)
  eden space 196096K, 0% used [0x00000000d6000000,0x00000000d6000000,0x00000000e1f80000)
  from space 11264K, 68% used [0x00000000e2a80000,0x00000000e320de50,0x00000000e3580000)
  to   space 11264K, 0% used [0x00000000e1f80000,0x00000000e1f80000,0x00000000e2a80000)
 ParOldGen       total 49152K, used 9196K [0x0000000082000000, 0x0000000085000000, 0x00000000d6000000)
  object space 49152K, 18% used [0x0000000082000000,0x00000000828fb0d0,0x0000000085000000)
 Metaspace       used 33495K, capacity 35232K, committed 35416K, reserved 1079296K
  class space    used 4685K, capacity 4991K, committed 4992K, reserved 1048576K
Event: 4.325 GC heap after
Heap after GC invocations=10 (full 2):
 PSYoungGen      total 207360K, used 0K [0x00000000d6000000, 0x00000000e5300000, 0x0000000100000000)
  eden space 196096K, 0% used [0x00000000d6000000,0x00000000d6000000,0x00000000e1f80000)
  from space 11264K, 0% used [0x00000000e2a80000,0x00000000e2a80000,0x00000000e3580000)
  to   space 11264K, 0% used [0x00000000e1f80000,0x00000000e1f80000,0x00000000e2a80000)
 ParOldGen       total 70144K, used 13077K [0x0000000082000000, 0x0000000086480000, 0x00000000d6000000)
  object space 70144K, 18% used [0x0000000082000000,0x0000000082cc5400,0x0000000086480000)
 Metaspace       used 33495K, capacity 35232K, committed 35416K, reserved 1079296K
  class space    used 4685K, capacity 4991K, committed 4992K, reserved 1048576K
}

